# Logfile created on 2014-02-26 18:28:30 -0500 by logger.rb/36483
I, [2014-02-26T18:28:30.622198 #26198]  INFO -- : 0:  ruby_motion_query (0.5.5) from /Users/vaughan/projects/rubymotion/pbooth/vendor/bundle/specifications/ruby_motion_query-0.5.5.gemspec
I, [2014-02-26T18:28:30.622864 #26198]  INFO -- : 0:  bundler (1.5.1) from /Users/vaughan/.rbenv/versions/2.0.0-p247/lib/ruby/gems/2.0.0/gems/bundler-1.5.1/lib/bundler/source
I, [2014-02-26T18:35:53.744347 #27355]  INFO -- : 0:  ruby_motion_query (0.5.5) from /Users/vaughan/projects/rubymotion/pbooth/vendor/bundle/specifications/ruby_motion_query-0.5.5.gemspec
I, [2014-02-26T18:35:53.745323 #27355]  INFO -- : 0:  bundler (1.5.1) from /Users/vaughan/.rbenv/versions/2.0.0-p247/lib/ruby/gems/2.0.0/gems/bundler-1.5.1/lib/bundler/source
I, [2014-02-26T18:38:07.652502 #27429]  INFO -- : 0:  rake (10.1.1) from /Users/vaughan/projects/rubymotion/pbooth/vendor/bundle/specifications/rake-10.1.1.gemspec
I, [2014-02-26T18:38:10.224600 #27429]  INFO -- : 0:  i18n (0.6.9) from /Users/vaughan/projects/rubymotion/pbooth/vendor/bundle/specifications/i18n-0.6.9.gemspec
I, [2014-02-26T18:38:11.423839 #27429]  INFO -- : 0:  multi_json (1.8.4) from /Users/vaughan/projects/rubymotion/pbooth/vendor/bundle/specifications/multi_json-1.8.4.gemspec
I, [2014-02-26T18:38:14.310416 #27429]  INFO -- : 0:  activesupport (3.2.17) from /Users/vaughan/projects/rubymotion/pbooth/vendor/bundle/specifications/activesupport-3.2.17.gemspec
I, [2014-02-26T18:38:15.807245 #27429]  INFO -- : 0:  claide (0.4.0) from /Users/vaughan/projects/rubymotion/pbooth/vendor/bundle/specifications/claide-0.4.0.gemspec
I, [2014-02-26T18:38:17.224206 #27429]  INFO -- : 0:  fuzzy_match (2.0.4) from /Users/vaughan/projects/rubymotion/pbooth/vendor/bundle/specifications/fuzzy_match-2.0.4.gemspec
I, [2014-02-26T18:38:18.929898 #27429]  INFO -- : 0:  json_pure (1.8.1) from /Users/vaughan/projects/rubymotion/pbooth/vendor/bundle/specifications/json_pure-1.8.1.gemspec
I, [2014-02-26T18:38:20.753244 #27429]  INFO -- : 0:  nap (0.6.0) from /Users/vaughan/projects/rubymotion/pbooth/vendor/bundle/specifications/nap-0.6.0.gemspec
I, [2014-02-26T18:38:21.768700 #27429]  INFO -- : 0:  cocoapods-core (0.29.0) from /Users/vaughan/projects/rubymotion/pbooth/vendor/bundle/specifications/cocoapods-core-0.29.0.gemspec
I, [2014-02-26T18:38:22.784422 #27429]  INFO -- : 0:  cocoapods-downloader (0.3.0) from /Users/vaughan/projects/rubymotion/pbooth/vendor/bundle/specifications/cocoapods-downloader-0.3.0.gemspec
I, [2014-02-26T18:38:23.921477 #27429]  INFO -- : 0:  cocoapods-try-release-fix (0.1.1) from /Users/vaughan/projects/rubymotion/pbooth/vendor/bundle/specifications/cocoapods-try-release-fix-0.1.1.gemspec
I, [2014-02-26T18:38:24.608068 #27429]  INFO -- : 0:  colored (1.2) from /Users/vaughan/projects/rubymotion/pbooth/vendor/bundle/specifications/colored-1.2.gemspec
I, [2014-02-26T18:38:25.283327 #27429]  INFO -- : 0:  escape (0.0.4) from /Users/vaughan/projects/rubymotion/pbooth/vendor/bundle/specifications/escape-0.0.4.gemspec
I, [2014-02-26T18:38:26.548051 #27429]  INFO -- : 0:  open4 (1.3.2) from /Users/vaughan/projects/rubymotion/pbooth/vendor/bundle/specifications/open4-1.3.2.gemspec
I, [2014-02-26T18:38:31.334534 #27429]  INFO -- : 0:  xcodeproj (0.14.1) from /Users/vaughan/projects/rubymotion/pbooth/vendor/bundle/specifications/xcodeproj-0.14.1.gemspec
I, [2014-02-26T18:38:32.681559 #27429]  INFO -- : 0:  cocoapods (0.29.0) from /Users/vaughan/projects/rubymotion/pbooth/vendor/bundle/specifications/cocoapods-0.29.0.gemspec
I, [2014-02-26T18:38:33.871034 #27429]  INFO -- : 0:  motion-cocoapods (1.4.0) from /Users/vaughan/projects/rubymotion/pbooth/vendor/bundle/specifications/motion-cocoapods-1.4.0.gemspec
I, [2014-02-26T18:38:34.955095 #27429]  INFO -- : 0:  motion-require (0.1.1) from /Users/vaughan/projects/rubymotion/pbooth/vendor/bundle/specifications/motion-require-0.1.1.gemspec
I, [2014-02-26T18:38:36.887994 #27429]  INFO -- : 0:  afmotion (2.1.1) from /Users/vaughan/projects/rubymotion/pbooth/vendor/bundle/specifications/afmotion-2.1.1.gemspec
I, [2014-02-26T18:38:38.489728 #27429]  INFO -- : 0:  bubble-wrap (1.4.0) from /Users/vaughan/projects/rubymotion/pbooth/vendor/bundle/specifications/bubble-wrap-1.4.0.gemspec
I, [2014-02-26T18:38:38.490299 #27429]  INFO -- : 0:  ruby_motion_query (0.5.5) from /Users/vaughan/projects/rubymotion/pbooth/vendor/bundle/specifications/ruby_motion_query-0.5.5.gemspec
I, [2014-02-26T18:38:38.490620 #27429]  INFO -- : 0:  bundler (1.5.1) from /Users/vaughan/.rbenv/versions/2.0.0-p247/lib/ruby/gems/2.0.0/gems/bundler-1.5.1/lib/bundler/source
I, [2014-02-26T18:42:52.068538 #27847]  INFO -- : 0:  rake (10.1.1) from /Users/vaughan/projects/rubymotion/pbooth/vendor/bundle/specifications/rake-10.1.1.gemspec
I, [2014-02-26T18:42:52.070055 #27847]  INFO -- : 0:  i18n (0.6.9) from /Users/vaughan/projects/rubymotion/pbooth/vendor/bundle/specifications/i18n-0.6.9.gemspec
I, [2014-02-26T18:42:52.070406 #27847]  INFO -- : 0:  multi_json (1.8.4) from /Users/vaughan/projects/rubymotion/pbooth/vendor/bundle/specifications/multi_json-1.8.4.gemspec
I, [2014-02-26T18:42:52.070746 #27847]  INFO -- : 0:  activesupport (3.2.17) from /Users/vaughan/projects/rubymotion/pbooth/vendor/bundle/specifications/activesupport-3.2.17.gemspec
I, [2014-02-26T18:42:52.071077 #27847]  INFO -- : 0:  claide (0.4.0) from /Users/vaughan/projects/rubymotion/pbooth/vendor/bundle/specifications/claide-0.4.0.gemspec
I, [2014-02-26T18:42:52.071391 #27847]  INFO -- : 0:  fuzzy_match (2.0.4) from /Users/vaughan/projects/rubymotion/pbooth/vendor/bundle/specifications/fuzzy_match-2.0.4.gemspec
I, [2014-02-26T18:42:52.071723 #27847]  INFO -- : 0:  json_pure (1.8.1) from /Users/vaughan/projects/rubymotion/pbooth/vendor/bundle/specifications/json_pure-1.8.1.gemspec
I, [2014-02-26T18:42:52.072050 #27847]  INFO -- : 0:  nap (0.6.0) from /Users/vaughan/projects/rubymotion/pbooth/vendor/bundle/specifications/nap-0.6.0.gemspec
I, [2014-02-26T18:42:52.072517 #27847]  INFO -- : 0:  cocoapods-core (0.29.0) from /Users/vaughan/projects/rubymotion/pbooth/vendor/bundle/specifications/cocoapods-core-0.29.0.gemspec
I, [2014-02-26T18:42:52.072926 #27847]  INFO -- : 0:  cocoapods-downloader (0.3.0) from /Users/vaughan/projects/rubymotion/pbooth/vendor/bundle/specifications/cocoapods-downloader-0.3.0.gemspec
I, [2014-02-26T18:42:52.073317 #27847]  INFO -- : 0:  cocoapods-try-release-fix (0.1.1) from /Users/vaughan/projects/rubymotion/pbooth/vendor/bundle/specifications/cocoapods-try-release-fix-0.1.1.gemspec
I, [2014-02-26T18:42:52.073716 #27847]  INFO -- : 0:  colored (1.2) from /Users/vaughan/projects/rubymotion/pbooth/vendor/bundle/specifications/colored-1.2.gemspec
I, [2014-02-26T18:42:52.074089 #27847]  INFO -- : 0:  escape (0.0.4) from /Users/vaughan/projects/rubymotion/pbooth/vendor/bundle/specifications/escape-0.0.4.gemspec
I, [2014-02-26T18:42:52.074462 #27847]  INFO -- : 0:  open4 (1.3.2) from /Users/vaughan/projects/rubymotion/pbooth/vendor/bundle/specifications/open4-1.3.2.gemspec
I, [2014-02-26T18:42:52.074858 #27847]  INFO -- : 0:  xcodeproj (0.14.1) from /Users/vaughan/projects/rubymotion/pbooth/vendor/bundle/specifications/xcodeproj-0.14.1.gemspec
I, [2014-02-26T18:42:52.075266 #27847]  INFO -- : 0:  cocoapods (0.29.0) from /Users/vaughan/projects/rubymotion/pbooth/vendor/bundle/specifications/cocoapods-0.29.0.gemspec
I, [2014-02-26T18:42:52.075647 #27847]  INFO -- : 0:  motion-cocoapods (1.4.0) from /Users/vaughan/projects/rubymotion/pbooth/vendor/bundle/specifications/motion-cocoapods-1.4.0.gemspec
I, [2014-02-26T18:42:52.076024 #27847]  INFO -- : 0:  motion-require (0.1.1) from /Users/vaughan/projects/rubymotion/pbooth/vendor/bundle/specifications/motion-require-0.1.1.gemspec
I, [2014-02-26T18:42:52.076406 #27847]  INFO -- : 0:  afmotion (2.1.1) from /Users/vaughan/projects/rubymotion/pbooth/vendor/bundle/specifications/afmotion-2.1.1.gemspec
I, [2014-02-26T18:42:52.076796 #27847]  INFO -- : 0:  bubble-wrap (1.4.0) from /Users/vaughan/projects/rubymotion/pbooth/vendor/bundle/specifications/bubble-wrap-1.4.0.gemspec
I, [2014-02-26T18:42:52.077180 #27847]  INFO -- : 0:  ruby_motion_query (0.5.5) from /Users/vaughan/projects/rubymotion/pbooth/vendor/bundle/specifications/ruby_motion_query-0.5.5.gemspec
I, [2014-02-26T18:42:52.077547 #27847]  INFO -- : 0:  bundler (1.5.1) from /Users/vaughan/.rbenv/versions/2.0.0-p247/lib/ruby/gems/2.0.0/gems/bundler-1.5.1/lib/bundler/source
I, [2014-02-26T18:48:35.229709 #28075]  INFO -- : 0:  rake (10.1.1) from /Users/vaughan/projects/rubymotion/pbooth/vendor/bundle/specifications/rake-10.1.1.gemspec
I, [2014-02-26T18:48:35.230802 #28075]  INFO -- : 0:  i18n (0.6.9) from /Users/vaughan/projects/rubymotion/pbooth/vendor/bundle/specifications/i18n-0.6.9.gemspec
I, [2014-02-26T18:48:35.231398 #28075]  INFO -- : 0:  multi_json (1.8.4) from /Users/vaughan/projects/rubymotion/pbooth/vendor/bundle/specifications/multi_json-1.8.4.gemspec
I, [2014-02-26T18:48:35.231856 #28075]  INFO -- : 0:  activesupport (3.2.17) from /Users/vaughan/projects/rubymotion/pbooth/vendor/bundle/specifications/activesupport-3.2.17.gemspec
I, [2014-02-26T18:48:35.232183 #28075]  INFO -- : 0:  claide (0.4.0) from /Users/vaughan/projects/rubymotion/pbooth/vendor/bundle/specifications/claide-0.4.0.gemspec
I, [2014-02-26T18:48:35.232500 #28075]  INFO -- : 0:  fuzzy_match (2.0.4) from /Users/vaughan/projects/rubymotion/pbooth/vendor/bundle/specifications/fuzzy_match-2.0.4.gemspec
I, [2014-02-26T18:48:35.232812 #28075]  INFO -- : 0:  json_pure (1.8.1) from /Users/vaughan/projects/rubymotion/pbooth/vendor/bundle/specifications/json_pure-1.8.1.gemspec
I, [2014-02-26T18:48:35.233125 #28075]  INFO -- : 0:  nap (0.6.0) from /Users/vaughan/projects/rubymotion/pbooth/vendor/bundle/specifications/nap-0.6.0.gemspec
I, [2014-02-26T18:48:35.233450 #28075]  INFO -- : 0:  cocoapods-core (0.29.0) from /Users/vaughan/projects/rubymotion/pbooth/vendor/bundle/specifications/cocoapods-core-0.29.0.gemspec
I, [2014-02-26T18:48:35.233772 #28075]  INFO -- : 0:  cocoapods-downloader (0.3.0) from /Users/vaughan/projects/rubymotion/pbooth/vendor/bundle/specifications/cocoapods-downloader-0.3.0.gemspec
I, [2014-02-26T18:48:35.234166 #28075]  INFO -- : 0:  cocoapods-try-release-fix (0.1.1) from /Users/vaughan/projects/rubymotion/pbooth/vendor/bundle/specifications/cocoapods-try-release-fix-0.1.1.gemspec
I, [2014-02-26T18:48:35.234582 #28075]  INFO -- : 0:  colored (1.2) from /Users/vaughan/projects/rubymotion/pbooth/vendor/bundle/specifications/colored-1.2.gemspec
I, [2014-02-26T18:48:35.234919 #28075]  INFO -- : 0:  escape (0.0.4) from /Users/vaughan/projects/rubymotion/pbooth/vendor/bundle/specifications/escape-0.0.4.gemspec
I, [2014-02-26T18:48:35.235263 #28075]  INFO -- : 0:  open4 (1.3.2) from /Users/vaughan/projects/rubymotion/pbooth/vendor/bundle/specifications/open4-1.3.2.gemspec
I, [2014-02-26T18:48:35.235591 #28075]  INFO -- : 0:  xcodeproj (0.14.1) from /Users/vaughan/projects/rubymotion/pbooth/vendor/bundle/specifications/xcodeproj-0.14.1.gemspec
I, [2014-02-26T18:48:35.235909 #28075]  INFO -- : 0:  cocoapods (0.29.0) from /Users/vaughan/projects/rubymotion/pbooth/vendor/bundle/specifications/cocoapods-0.29.0.gemspec
I, [2014-02-26T18:48:35.236239 #28075]  INFO -- : 0:  motion-cocoapods (1.4.0) from /Users/vaughan/projects/rubymotion/pbooth/vendor/bundle/specifications/motion-cocoapods-1.4.0.gemspec
I, [2014-02-26T18:48:36.020999 #28075]  INFO -- : 0:  motion-require (0.0.7) from /Users/vaughan/projects/rubymotion/pbooth/vendor/bundle/specifications/motion-require-0.0.7.gemspec
I, [2014-02-26T18:48:38.311461 #28075]  INFO -- : 0:  afmotion (2.0.0) from /Users/vaughan/projects/rubymotion/pbooth/vendor/bundle/specifications/afmotion-2.0.0.gemspec
I, [2014-02-26T18:48:38.312215 #28075]  INFO -- : 0:  bubble-wrap (1.4.0) from /Users/vaughan/projects/rubymotion/pbooth/vendor/bundle/specifications/bubble-wrap-1.4.0.gemspec
I, [2014-02-26T18:48:38.312780 #28075]  INFO -- : 0:  ruby_motion_query (0.5.5) from /Users/vaughan/projects/rubymotion/pbooth/vendor/bundle/specifications/ruby_motion_query-0.5.5.gemspec
I, [2014-02-26T18:48:38.313280 #28075]  INFO -- : 0:  bundler (1.5.1) from /Users/vaughan/.rbenv/versions/2.0.0-p247/lib/ruby/gems/2.0.0/gems/bundler-1.5.1/lib/bundler/source
I, [2014-02-26T18:50:39.303972 #28173]  INFO -- : 0:  rake (10.1.1) from /Users/vaughan/projects/rubymotion/pbooth/vendor/bundle/specifications/rake-10.1.1.gemspec
I, [2014-02-26T18:50:39.304514 #28173]  INFO -- : 0:  i18n (0.6.9) from /Users/vaughan/projects/rubymotion/pbooth/vendor/bundle/specifications/i18n-0.6.9.gemspec
I, [2014-02-26T18:50:39.305019 #28173]  INFO -- : 0:  multi_json (1.8.4) from /Users/vaughan/projects/rubymotion/pbooth/vendor/bundle/specifications/multi_json-1.8.4.gemspec
I, [2014-02-26T18:50:39.305439 #28173]  INFO -- : 0:  activesupport (3.2.17) from /Users/vaughan/projects/rubymotion/pbooth/vendor/bundle/specifications/activesupport-3.2.17.gemspec
I, [2014-02-26T18:50:39.305856 #28173]  INFO -- : 0:  claide (0.4.0) from /Users/vaughan/projects/rubymotion/pbooth/vendor/bundle/specifications/claide-0.4.0.gemspec
I, [2014-02-26T18:50:39.306237 #28173]  INFO -- : 0:  fuzzy_match (2.0.4) from /Users/vaughan/projects/rubymotion/pbooth/vendor/bundle/specifications/fuzzy_match-2.0.4.gemspec
I, [2014-02-26T18:50:39.306623 #28173]  INFO -- : 0:  json_pure (1.8.1) from /Users/vaughan/projects/rubymotion/pbooth/vendor/bundle/specifications/json_pure-1.8.1.gemspec
I, [2014-02-26T18:50:39.307009 #28173]  INFO -- : 0:  nap (0.6.0) from /Users/vaughan/projects/rubymotion/pbooth/vendor/bundle/specifications/nap-0.6.0.gemspec
I, [2014-02-26T18:50:39.307387 #28173]  INFO -- : 0:  cocoapods-core (0.29.0) from /Users/vaughan/projects/rubymotion/pbooth/vendor/bundle/specifications/cocoapods-core-0.29.0.gemspec
I, [2014-02-26T18:50:39.307828 #28173]  INFO -- : 0:  cocoapods-downloader (0.3.0) from /Users/vaughan/projects/rubymotion/pbooth/vendor/bundle/specifications/cocoapods-downloader-0.3.0.gemspec
I, [2014-02-26T18:50:39.308223 #28173]  INFO -- : 0:  cocoapods-try-release-fix (0.1.1) from /Users/vaughan/projects/rubymotion/pbooth/vendor/bundle/specifications/cocoapods-try-release-fix-0.1.1.gemspec
I, [2014-02-26T18:50:39.308597 #28173]  INFO -- : 0:  colored (1.2) from /Users/vaughan/projects/rubymotion/pbooth/vendor/bundle/specifications/colored-1.2.gemspec
I, [2014-02-26T18:50:39.308956 #28173]  INFO -- : 0:  escape (0.0.4) from /Users/vaughan/projects/rubymotion/pbooth/vendor/bundle/specifications/escape-0.0.4.gemspec
I, [2014-02-26T18:50:39.309319 #28173]  INFO -- : 0:  open4 (1.3.2) from /Users/vaughan/projects/rubymotion/pbooth/vendor/bundle/specifications/open4-1.3.2.gemspec
I, [2014-02-26T18:50:39.309710 #28173]  INFO -- : 0:  xcodeproj (0.14.1) from /Users/vaughan/projects/rubymotion/pbooth/vendor/bundle/specifications/xcodeproj-0.14.1.gemspec
I, [2014-02-26T18:50:39.310073 #28173]  INFO -- : 0:  cocoapods (0.29.0) from /Users/vaughan/projects/rubymotion/pbooth/vendor/bundle/specifications/cocoapods-0.29.0.gemspec
I, [2014-02-26T18:50:39.310495 #28173]  INFO -- : 0:  motion-cocoapods (1.4.0) from /Users/vaughan/projects/rubymotion/pbooth/vendor/bundle/specifications/motion-cocoapods-1.4.0.gemspec
I, [2014-02-26T18:50:39.310886 #28173]  INFO -- : 0:  motion-require (0.0.7) from /Users/vaughan/projects/rubymotion/pbooth/vendor/bundle/specifications/motion-require-0.0.7.gemspec
I, [2014-02-26T18:50:39.311245 #28173]  INFO -- : 0:  afmotion (2.0.0) from /Users/vaughan/projects/rubymotion/pbooth/vendor/bundle/specifications/afmotion-2.0.0.gemspec
I, [2014-02-26T18:50:39.311614 #28173]  INFO -- : 0:  bubble-wrap (1.4.0) from /Users/vaughan/projects/rubymotion/pbooth/vendor/bundle/specifications/bubble-wrap-1.4.0.gemspec
I, [2014-02-26T18:50:39.311983 #28173]  INFO -- : 0:  ruby_motion_query (0.5.5) from /Users/vaughan/projects/rubymotion/pbooth/vendor/bundle/specifications/ruby_motion_query-0.5.5.gemspec
I, [2014-02-26T18:50:39.312318 #28173]  INFO -- : 0:  bundler (1.5.1) from /Users/vaughan/.rbenv/versions/2.0.0-p247/lib/ruby/gems/2.0.0/gems/bundler-1.5.1/lib/bundler/source
I, [2014-02-26T18:51:55.652506 #28248]  INFO -- : 0:  rake (10.1.1) from /Users/vaughan/projects/rubymotion/pbooth/vendor/bundle/specifications/rake-10.1.1.gemspec
I, [2014-02-26T18:51:55.653041 #28248]  INFO -- : 0:  i18n (0.6.9) from /Users/vaughan/projects/rubymotion/pbooth/vendor/bundle/specifications/i18n-0.6.9.gemspec
I, [2014-02-26T18:51:55.653590 #28248]  INFO -- : 0:  multi_json (1.8.4) from /Users/vaughan/projects/rubymotion/pbooth/vendor/bundle/specifications/multi_json-1.8.4.gemspec
I, [2014-02-26T18:51:55.654013 #28248]  INFO -- : 0:  activesupport (3.2.17) from /Users/vaughan/projects/rubymotion/pbooth/vendor/bundle/specifications/activesupport-3.2.17.gemspec
I, [2014-02-26T18:51:55.654430 #28248]  INFO -- : 0:  claide (0.4.0) from /Users/vaughan/projects/rubymotion/pbooth/vendor/bundle/specifications/claide-0.4.0.gemspec
I, [2014-02-26T18:51:55.654810 #28248]  INFO -- : 0:  fuzzy_match (2.0.4) from /Users/vaughan/projects/rubymotion/pbooth/vendor/bundle/specifications/fuzzy_match-2.0.4.gemspec
I, [2014-02-26T18:51:55.655207 #28248]  INFO -- : 0:  json_pure (1.8.1) from /Users/vaughan/projects/rubymotion/pbooth/vendor/bundle/specifications/json_pure-1.8.1.gemspec
I, [2014-02-26T18:51:55.655594 #28248]  INFO -- : 0:  nap (0.6.0) from /Users/vaughan/projects/rubymotion/pbooth/vendor/bundle/specifications/nap-0.6.0.gemspec
I, [2014-02-26T18:51:55.655969 #28248]  INFO -- : 0:  cocoapods-core (0.29.0) from /Users/vaughan/projects/rubymotion/pbooth/vendor/bundle/specifications/cocoapods-core-0.29.0.gemspec
I, [2014-02-26T18:51:55.656420 #28248]  INFO -- : 0:  cocoapods-downloader (0.3.0) from /Users/vaughan/projects/rubymotion/pbooth/vendor/bundle/specifications/cocoapods-downloader-0.3.0.gemspec
I, [2014-02-26T18:51:55.656818 #28248]  INFO -- : 0:  cocoapods-try-release-fix (0.1.1) from /Users/vaughan/projects/rubymotion/pbooth/vendor/bundle/specifications/cocoapods-try-release-fix-0.1.1.gemspec
I, [2014-02-26T18:51:55.657206 #28248]  INFO -- : 0:  colored (1.2) from /Users/vaughan/projects/rubymotion/pbooth/vendor/bundle/specifications/colored-1.2.gemspec
I, [2014-02-26T18:51:55.657592 #28248]  INFO -- : 0:  escape (0.0.4) from /Users/vaughan/projects/rubymotion/pbooth/vendor/bundle/specifications/escape-0.0.4.gemspec
I, [2014-02-26T18:51:55.657959 #28248]  INFO -- : 0:  open4 (1.3.2) from /Users/vaughan/projects/rubymotion/pbooth/vendor/bundle/specifications/open4-1.3.2.gemspec
I, [2014-02-26T18:51:55.658338 #28248]  INFO -- : 0:  xcodeproj (0.14.1) from /Users/vaughan/projects/rubymotion/pbooth/vendor/bundle/specifications/xcodeproj-0.14.1.gemspec
I, [2014-02-26T18:51:55.658693 #28248]  INFO -- : 0:  cocoapods (0.29.0) from /Users/vaughan/projects/rubymotion/pbooth/vendor/bundle/specifications/cocoapods-0.29.0.gemspec
I, [2014-02-26T18:51:55.659141 #28248]  INFO -- : 0:  motion-cocoapods (1.4.0) from /Users/vaughan/projects/rubymotion/pbooth/vendor/bundle/specifications/motion-cocoapods-1.4.0.gemspec
I, [2014-02-26T18:51:55.659517 #28248]  INFO -- : 0:  motion-require (0.0.7) from /Users/vaughan/projects/rubymotion/pbooth/vendor/bundle/specifications/motion-require-0.0.7.gemspec
I, [2014-02-26T18:51:55.659868 #28248]  INFO -- : 0:  afmotion (2.0.0) from /Users/vaughan/projects/rubymotion/pbooth/vendor/bundle/specifications/afmotion-2.0.0.gemspec
I, [2014-02-26T18:51:55.660380 #28248]  INFO -- : 0:  bubble-wrap (1.4.0) from /Users/vaughan/projects/rubymotion/pbooth/vendor/bundle/specifications/bubble-wrap-1.4.0.gemspec
I, [2014-02-26T18:51:55.660886 #28248]  INFO -- : 0:  ruby_motion_query (0.5.5) from /Users/vaughan/projects/rubymotion/pbooth/vendor/bundle/specifications/ruby_motion_query-0.5.5.gemspec
I, [2014-02-26T18:51:55.661193 #28248]  INFO -- : 0:  bundler (1.5.1) from /Users/vaughan/.rbenv/versions/2.0.0-p247/lib/ruby/gems/2.0.0/gems/bundler-1.5.1/lib/bundler/source
I, [2014-02-26T18:55:51.706819 #28633]  INFO -- : 0:  bubble-wrap (1.4.0) from /Users/vaughan/projects/rubymotion/pbooth/vendor/bundle/specifications/bubble-wrap-1.4.0.gemspec
I, [2014-02-26T18:55:51.707476 #28633]  INFO -- : 0:  ruby_motion_query (0.5.5) from /Users/vaughan/projects/rubymotion/pbooth/vendor/bundle/specifications/ruby_motion_query-0.5.5.gemspec
I, [2014-02-26T18:55:51.707899 #28633]  INFO -- : 0:  bundler (1.5.1) from /Users/vaughan/.rbenv/versions/2.0.0-p247/lib/ruby/gems/2.0.0/gems/bundler-1.5.1/lib/bundler/source
I, [2014-02-26T19:44:53.162544 #33034]  INFO -- : 0:  bubble-wrap (1.4.0) from /Users/vaughan/projects/rubymotion/pbooth/vendor/bundle/specifications/bubble-wrap-1.4.0.gemspec
I, [2014-02-26T19:44:53.243112 #33034]  INFO -- : 0:  ruby_motion_query (0.5.5) from /Users/vaughan/projects/rubymotion/pbooth/vendor/bundle/bundler/gems/rmq-abd163427da2/ruby_motion_query.gemspec
I, [2014-02-26T19:44:53.243511 #33034]  INFO -- : 0:  bundler (1.5.1) from /Users/vaughan/.rbenv/versions/2.0.0-p247/lib/ruby/gems/2.0.0/gems/bundler-1.5.1/lib/bundler/source
I, [2014-03-01T17:34:10.989334 #4868]  INFO -- : 0:  bubble-wrap (1.4.0) from /Users/vaughan/projects/rubymotion/pbooth/vendor/bundle/specifications/bubble-wrap-1.4.0.gemspec
I, [2014-03-01T17:34:11.127434 #4868]  INFO -- : 0:  ruby_motion_query (0.5.5) from /Users/vaughan/projects/rubymotion/pbooth/vendor/bundle/bundler/gems/rmq-abd163427da2/ruby_motion_query.gemspec
I, [2014-03-01T17:34:11.127935 #4868]  INFO -- : 0:  bundler (1.5.1) from /Users/vaughan/.rbenv/versions/2.0.0-p247/lib/ruby/gems/2.0.0/gems/bundler-1.5.1/lib/bundler/source
I, [2014-03-01T17:34:24.277375 #4914]  INFO -- : 0:  bubble-wrap (1.4.0) from /Users/vaughan/projects/rubymotion/pbooth/vendor/bundle/specifications/bubble-wrap-1.4.0.gemspec
I, [2014-03-01T17:34:24.382807 #4914]  INFO -- : 0:  ruby_motion_query (0.5.5) from /Users/vaughan/projects/rubymotion/pbooth/vendor/bundle/bundler/gems/rmq-abd163427da2/ruby_motion_query.gemspec
I, [2014-03-01T17:34:24.383540 #4914]  INFO -- : 0:  bundler (1.5.1) from /Users/vaughan/.rbenv/versions/2.0.0-p247/lib/ruby/gems/2.0.0/gems/bundler-1.5.1/lib/bundler/source
I, [2014-03-01T17:34:37.765356 #4935]  INFO -- : 0:  bubble-wrap (1.4.0) from /Users/vaughan/projects/rubymotion/pbooth/vendor/bundle/specifications/bubble-wrap-1.4.0.gemspec
I, [2014-03-01T17:34:37.873941 #4935]  INFO -- : 0:  ruby_motion_query (0.5.5) from /Users/vaughan/projects/rubymotion/pbooth/vendor/bundle/bundler/gems/rmq-abd163427da2/ruby_motion_query.gemspec
I, [2014-03-01T17:34:37.874509 #4935]  INFO -- : 0:  sugarcube (1.5.0) from /Users/vaughan/projects/rubymotion/pbooth/vendor/bundle/specifications/sugarcube-1.5.0.gemspec
I, [2014-03-01T17:34:37.874871 #4935]  INFO -- : 0:  bundler (1.5.1) from /Users/vaughan/.rbenv/versions/2.0.0-p247/lib/ruby/gems/2.0.0/gems/bundler-1.5.1/lib/bundler/source
I, [2014-03-03T13:21:53.505210 #80925]  INFO -- : 0:  rake (0.9.6) from /Users/vaughan/.rbenv/versions/2.0.0-p247/lib/ruby/gems/2.0.0/specifications/default/rake-0.9.6.gemspec
I, [2014-03-03T13:21:53.505734 #80925]  INFO -- : 0:  bubble-wrap (1.4.0) from /Users/vaughan/projects/rubymotion/pbooth/vendor/bundle/specifications/bubble-wrap-1.4.0.gemspec
I, [2014-03-03T13:21:53.645121 #80925]  INFO -- : 0:  ruby_motion_query (0.5.5) from /Users/vaughan/projects/rubymotion/pbooth/vendor/bundle/bundler/gems/rmq-abd163427da2/ruby_motion_query.gemspec
I, [2014-03-03T13:21:53.645576 #80925]  INFO -- : 0:  sugarcube (1.5.0) from /Users/vaughan/projects/rubymotion/pbooth/vendor/bundle/specifications/sugarcube-1.5.0.gemspec
I, [2014-03-03T13:21:53.645856 #80925]  INFO -- : 0:  bundler (1.5.1) from /Users/vaughan/.rbenv/versions/2.0.0-p247/lib/ruby/gems/2.0.0/gems/bundler-1.5.1/lib/bundler/source
I, [2014-03-04T14:21:29.878288 #74211]  INFO -- : 0:  rake (0.9.6) from /Users/vaughan/.rbenv/versions/2.0.0-p247/lib/ruby/gems/2.0.0/specifications/default/rake-0.9.6.gemspec
I, [2014-03-04T14:21:32.371772 #74211]  INFO -- : 0:  i18n (0.6.9) from /Users/vaughan/projects/rubymotion/pbooth/vendor/bundle/specifications/i18n-0.6.9.gemspec
I, [2014-03-04T14:21:33.790969 #74211]  INFO -- : 0:  multi_json (1.8.4) from /Users/vaughan/projects/rubymotion/pbooth/vendor/bundle/specifications/multi_json-1.8.4.gemspec
I, [2014-03-04T14:21:37.491170 #74211]  INFO -- : 0:  activesupport (3.2.17) from /Users/vaughan/projects/rubymotion/pbooth/vendor/bundle/specifications/activesupport-3.2.17.gemspec
I, [2014-03-04T14:21:37.491736 #74211]  INFO -- : 0:  bubble-wrap (1.4.0) from /Users/vaughan/projects/rubymotion/pbooth/vendor/bundle/specifications/bubble-wrap-1.4.0.gemspec
I, [2014-03-04T14:21:38.277228 #74211]  INFO -- : 0:  claide (0.4.0) from /Users/vaughan/projects/rubymotion/pbooth/vendor/bundle/specifications/claide-0.4.0.gemspec
I, [2014-03-04T14:21:40.245557 #74211]  INFO -- : 0:  fuzzy_match (2.0.4) from /Users/vaughan/projects/rubymotion/pbooth/vendor/bundle/specifications/fuzzy_match-2.0.4.gemspec
I, [2014-03-04T14:21:42.999748 #74211]  INFO -- : 0:  json_pure (1.8.1) from /Users/vaughan/projects/rubymotion/pbooth/vendor/bundle/specifications/json_pure-1.8.1.gemspec
I, [2014-03-04T14:21:44.942877 #74211]  INFO -- : 0:  nap (0.6.0) from /Users/vaughan/projects/rubymotion/pbooth/vendor/bundle/specifications/nap-0.6.0.gemspec
I, [2014-03-04T14:21:46.184171 #74211]  INFO -- : 0:  cocoapods-core (0.29.0) from /Users/vaughan/projects/rubymotion/pbooth/vendor/bundle/specifications/cocoapods-core-0.29.0.gemspec
I, [2014-03-04T14:21:47.351209 #74211]  INFO -- : 0:  cocoapods-downloader (0.3.0) from /Users/vaughan/projects/rubymotion/pbooth/vendor/bundle/specifications/cocoapods-downloader-0.3.0.gemspec
I, [2014-03-04T14:21:48.099369 #74211]  INFO -- : 0:  cocoapods-try-release-fix (0.1.2) from /Users/vaughan/projects/rubymotion/pbooth/vendor/bundle/specifications/cocoapods-try-release-fix-0.1.2.gemspec
I, [2014-03-04T14:21:48.736802 #74211]  INFO -- : 0:  colored (1.2) from /Users/vaughan/projects/rubymotion/pbooth/vendor/bundle/specifications/colored-1.2.gemspec
I, [2014-03-04T14:21:49.408633 #74211]  INFO -- : 0:  escape (0.0.4) from /Users/vaughan/projects/rubymotion/pbooth/vendor/bundle/specifications/escape-0.0.4.gemspec
I, [2014-03-04T14:21:50.751990 #74211]  INFO -- : 0:  open4 (1.3.3) from /Users/vaughan/projects/rubymotion/pbooth/vendor/bundle/specifications/open4-1.3.3.gemspec
I, [2014-03-04T14:21:55.098528 #74211]  INFO -- : 0:  xcodeproj (0.14.1) from /Users/vaughan/projects/rubymotion/pbooth/vendor/bundle/specifications/xcodeproj-0.14.1.gemspec
I, [2014-03-04T14:21:57.094235 #74211]  INFO -- : 0:  cocoapods (0.29.0) from /Users/vaughan/projects/rubymotion/pbooth/vendor/bundle/specifications/cocoapods-0.29.0.gemspec
I, [2014-03-04T14:21:58.097631 #74211]  INFO -- : 0:  motion-cocoapods (1.4.0) from /Users/vaughan/projects/rubymotion/pbooth/vendor/bundle/specifications/motion-cocoapods-1.4.0.gemspec
I, [2014-03-04T14:21:58.239634 #74211]  INFO -- : 0:  ruby_motion_query (0.5.5) from /Users/vaughan/projects/rubymotion/pbooth/vendor/bundle/bundler/gems/rmq-abd163427da2/ruby_motion_query.gemspec
I, [2014-03-04T14:21:58.240187 #74211]  INFO -- : 0:  sugarcube (1.5.0) from /Users/vaughan/projects/rubymotion/pbooth/vendor/bundle/specifications/sugarcube-1.5.0.gemspec
I, [2014-03-04T14:21:58.240590 #74211]  INFO -- : 0:  bundler (1.5.1) from /Users/vaughan/.rbenv/versions/2.0.0-p247/lib/ruby/gems/2.0.0/gems/bundler-1.5.1/lib/bundler/source
I, [2014-03-04T14:43:55.228697 #75941]  INFO -- : 0:  rake (0.9.6) from /Users/vaughan/.rbenv/versions/2.0.0-p247/lib/ruby/gems/2.0.0/specifications/default/rake-0.9.6.gemspec
I, [2014-03-04T14:43:55.229716 #75941]  INFO -- : 0:  i18n (0.6.9) from /Users/vaughan/projects/rubymotion/pbooth/vendor/bundle/specifications/i18n-0.6.9.gemspec
I, [2014-03-04T14:43:55.230098 #75941]  INFO -- : 0:  multi_json (1.8.4) from /Users/vaughan/projects/rubymotion/pbooth/vendor/bundle/specifications/multi_json-1.8.4.gemspec
I, [2014-03-04T14:43:55.230433 #75941]  INFO -- : 0:  activesupport (3.2.17) from /Users/vaughan/projects/rubymotion/pbooth/vendor/bundle/specifications/activesupport-3.2.17.gemspec
I, [2014-03-04T14:43:55.230760 #75941]  INFO -- : 0:  bubble-wrap (1.4.0) from /Users/vaughan/projects/rubymotion/pbooth/vendor/bundle/specifications/bubble-wrap-1.4.0.gemspec
I, [2014-03-04T14:43:55.231065 #75941]  INFO -- : 0:  claide (0.4.0) from /Users/vaughan/projects/rubymotion/pbooth/vendor/bundle/specifications/claide-0.4.0.gemspec
I, [2014-03-04T14:43:55.231381 #75941]  INFO -- : 0:  fuzzy_match (2.0.4) from /Users/vaughan/projects/rubymotion/pbooth/vendor/bundle/specifications/fuzzy_match-2.0.4.gemspec
I, [2014-03-04T14:43:55.231736 #75941]  INFO -- : 0:  json_pure (1.8.1) from /Users/vaughan/projects/rubymotion/pbooth/vendor/bundle/specifications/json_pure-1.8.1.gemspec
I, [2014-03-04T14:43:55.232053 #75941]  INFO -- : 0:  nap (0.6.0) from /Users/vaughan/projects/rubymotion/pbooth/vendor/bundle/specifications/nap-0.6.0.gemspec
I, [2014-03-04T14:43:55.232368 #75941]  INFO -- : 0:  cocoapods-core (0.29.0) from /Users/vaughan/projects/rubymotion/pbooth/vendor/bundle/specifications/cocoapods-core-0.29.0.gemspec
I, [2014-03-04T14:43:55.232693 #75941]  INFO -- : 0:  cocoapods-downloader (0.3.0) from /Users/vaughan/projects/rubymotion/pbooth/vendor/bundle/specifications/cocoapods-downloader-0.3.0.gemspec
I, [2014-03-04T14:43:55.233034 #75941]  INFO -- : 0:  cocoapods-try-release-fix (0.1.2) from /Users/vaughan/projects/rubymotion/pbooth/vendor/bundle/specifications/cocoapods-try-release-fix-0.1.2.gemspec
I, [2014-03-04T14:43:55.233340 #75941]  INFO -- : 0:  colored (1.2) from /Users/vaughan/projects/rubymotion/pbooth/vendor/bundle/specifications/colored-1.2.gemspec
I, [2014-03-04T14:43:55.233649 #75941]  INFO -- : 0:  escape (0.0.4) from /Users/vaughan/projects/rubymotion/pbooth/vendor/bundle/specifications/escape-0.0.4.gemspec
I, [2014-03-04T14:43:55.233954 #75941]  INFO -- : 0:  open4 (1.3.3) from /Users/vaughan/projects/rubymotion/pbooth/vendor/bundle/specifications/open4-1.3.3.gemspec
I, [2014-03-04T14:43:55.234254 #75941]  INFO -- : 0:  xcodeproj (0.14.1) from /Users/vaughan/projects/rubymotion/pbooth/vendor/bundle/specifications/xcodeproj-0.14.1.gemspec
I, [2014-03-04T14:43:55.234556 #75941]  INFO -- : 0:  cocoapods (0.29.0) from /Users/vaughan/projects/rubymotion/pbooth/vendor/bundle/specifications/cocoapods-0.29.0.gemspec
I, [2014-03-04T14:43:55.234861 #75941]  INFO -- : 0:  motion-cocoapods (1.4.0) from /Users/vaughan/projects/rubymotion/pbooth/vendor/bundle/specifications/motion-cocoapods-1.4.0.gemspec
I, [2014-03-04T14:43:55.355327 #75941]  INFO -- : 0:  ruby_motion_query (0.5.5) from /Users/vaughan/projects/rubymotion/pbooth/vendor/bundle/bundler/gems/rmq-abd163427da2/ruby_motion_query.gemspec
I, [2014-03-04T14:43:55.355977 #75941]  INFO -- : 0:  sugarcube (1.5.0) from /Users/vaughan/projects/rubymotion/pbooth/vendor/bundle/specifications/sugarcube-1.5.0.gemspec
I, [2014-03-04T14:43:55.356283 #75941]  INFO -- : 0:  bundler (1.5.1) from /Users/vaughan/.rbenv/versions/2.0.0-p247/lib/ruby/gems/2.0.0/gems/bundler-1.5.1/lib/bundler/source
I, [2014-03-04T22:42:43.936300 #3220]  INFO -- : 0:  rake (0.9.6) from /Users/vaughan/.rbenv/versions/2.0.0-p247/lib/ruby/gems/2.0.0/specifications/default/rake-0.9.6.gemspec
I, [2014-03-04T22:42:43.937274 #3220]  INFO -- : 0:  i18n (0.6.9) from /Users/vaughan/projects/rubymotion/pbooth/vendor/bundle/specifications/i18n-0.6.9.gemspec
I, [2014-03-04T22:42:43.937623 #3220]  INFO -- : 0:  multi_json (1.8.4) from /Users/vaughan/projects/rubymotion/pbooth/vendor/bundle/specifications/multi_json-1.8.4.gemspec
I, [2014-03-04T22:42:43.937934 #3220]  INFO -- : 0:  activesupport (3.2.17) from /Users/vaughan/projects/rubymotion/pbooth/vendor/bundle/specifications/activesupport-3.2.17.gemspec
I, [2014-03-04T22:42:43.938239 #3220]  INFO -- : 0:  bubble-wrap (1.4.0) from /Users/vaughan/projects/rubymotion/pbooth/vendor/bundle/specifications/bubble-wrap-1.4.0.gemspec
I, [2014-03-04T22:42:43.938545 #3220]  INFO -- : 0:  claide (0.4.0) from /Users/vaughan/projects/rubymotion/pbooth/vendor/bundle/specifications/claide-0.4.0.gemspec
I, [2014-03-04T22:42:43.938938 #3220]  INFO -- : 0:  fuzzy_match (2.0.4) from /Users/vaughan/projects/rubymotion/pbooth/vendor/bundle/specifications/fuzzy_match-2.0.4.gemspec
I, [2014-03-04T22:42:43.939342 #3220]  INFO -- : 0:  json_pure (1.8.1) from /Users/vaughan/projects/rubymotion/pbooth/vendor/bundle/specifications/json_pure-1.8.1.gemspec
I, [2014-03-04T22:42:43.939769 #3220]  INFO -- : 0:  nap (0.6.0) from /Users/vaughan/projects/rubymotion/pbooth/vendor/bundle/specifications/nap-0.6.0.gemspec
I, [2014-03-04T22:42:43.940177 #3220]  INFO -- : 0:  cocoapods-core (0.29.0) from /Users/vaughan/projects/rubymotion/pbooth/vendor/bundle/specifications/cocoapods-core-0.29.0.gemspec
I, [2014-03-04T22:42:43.940563 #3220]  INFO -- : 0:  cocoapods-downloader (0.3.0) from /Users/vaughan/projects/rubymotion/pbooth/vendor/bundle/specifications/cocoapods-downloader-0.3.0.gemspec
I, [2014-03-04T22:42:43.940947 #3220]  INFO -- : 0:  cocoapods-try-release-fix (0.1.2) from /Users/vaughan/projects/rubymotion/pbooth/vendor/bundle/specifications/cocoapods-try-release-fix-0.1.2.gemspec
I, [2014-03-04T22:42:43.941328 #3220]  INFO -- : 0:  colored (1.2) from /Users/vaughan/projects/rubymotion/pbooth/vendor/bundle/specifications/colored-1.2.gemspec
I, [2014-03-04T22:42:43.941702 #3220]  INFO -- : 0:  escape (0.0.4) from /Users/vaughan/projects/rubymotion/pbooth/vendor/bundle/specifications/escape-0.0.4.gemspec
I, [2014-03-04T22:42:43.942077 #3220]  INFO -- : 0:  open4 (1.3.3) from /Users/vaughan/projects/rubymotion/pbooth/vendor/bundle/specifications/open4-1.3.3.gemspec
I, [2014-03-04T22:42:43.942481 #3220]  INFO -- : 0:  xcodeproj (0.14.1) from /Users/vaughan/projects/rubymotion/pbooth/vendor/bundle/specifications/xcodeproj-0.14.1.gemspec
I, [2014-03-04T22:42:43.943022 #3220]  INFO -- : 0:  cocoapods (0.29.0) from /Users/vaughan/projects/rubymotion/pbooth/vendor/bundle/specifications/cocoapods-0.29.0.gemspec
I, [2014-03-04T22:42:45.188268 #3220]  INFO -- : 0:  motion-require (0.0.7) from /Users/vaughan/projects/rubymotion/pbooth/vendor/bundle/specifications/motion-require-0.0.7.gemspec
I, [2014-03-04T22:42:47.131553 #3220]  INFO -- : 0:  formotion (1.7) from /Users/vaughan/projects/rubymotion/pbooth/vendor/bundle/specifications/formotion-1.7.gemspec
I, [2014-03-04T22:42:47.132011 #3220]  INFO -- : 0:  motion-cocoapods (1.4.0) from /Users/vaughan/projects/rubymotion/pbooth/vendor/bundle/specifications/motion-cocoapods-1.4.0.gemspec
I, [2014-03-04T22:42:47.240003 #3220]  INFO -- : 0:  ruby_motion_query (0.5.5) from /Users/vaughan/projects/rubymotion/pbooth/vendor/bundle/bundler/gems/rmq-abd163427da2/ruby_motion_query.gemspec
I, [2014-03-04T22:42:47.240587 #3220]  INFO -- : 0:  sugarcube (1.5.0) from /Users/vaughan/projects/rubymotion/pbooth/vendor/bundle/specifications/sugarcube-1.5.0.gemspec
I, [2014-03-04T22:42:47.240955 #3220]  INFO -- : 0:  bundler (1.5.1) from /Users/vaughan/.rbenv/versions/2.0.0-p247/lib/ruby/gems/2.0.0/gems/bundler-1.5.1/lib/bundler/source
I, [2014-03-10T18:11:39.537945 #28968]  INFO -- : 0:  rake (0.9.6) from /Users/vaughan/.rbenv/versions/2.0.0-p247/lib/ruby/gems/2.0.0/specifications/default/rake-0.9.6.gemspec
I, [2014-03-10T18:11:39.539001 #28968]  INFO -- : 0:  i18n (0.6.9) from /Users/vaughan/projects/rubymotion/pbooth/vendor/bundle/specifications/i18n-0.6.9.gemspec
I, [2014-03-10T18:11:39.539381 #28968]  INFO -- : 0:  multi_json (1.8.4) from /Users/vaughan/projects/rubymotion/pbooth/vendor/bundle/specifications/multi_json-1.8.4.gemspec
I, [2014-03-10T18:11:39.539714 #28968]  INFO -- : 0:  activesupport (3.2.17) from /Users/vaughan/projects/rubymotion/pbooth/vendor/bundle/specifications/activesupport-3.2.17.gemspec
I, [2014-03-10T18:11:39.540078 #28968]  INFO -- : 0:  bubble-wrap (1.4.0) from /Users/vaughan/projects/rubymotion/pbooth/vendor/bundle/specifications/bubble-wrap-1.4.0.gemspec
I, [2014-03-10T18:11:39.540405 #28968]  INFO -- : 0:  claide (0.4.0) from /Users/vaughan/projects/rubymotion/pbooth/vendor/bundle/specifications/claide-0.4.0.gemspec
I, [2014-03-10T18:11:39.540774 #28968]  INFO -- : 0:  fuzzy_match (2.0.4) from /Users/vaughan/projects/rubymotion/pbooth/vendor/bundle/specifications/fuzzy_match-2.0.4.gemspec
I, [2014-03-10T18:11:39.541134 #28968]  INFO -- : 0:  json_pure (1.8.1) from /Users/vaughan/projects/rubymotion/pbooth/vendor/bundle/specifications/json_pure-1.8.1.gemspec
I, [2014-03-10T18:11:39.541466 #28968]  INFO -- : 0:  nap (0.6.0) from /Users/vaughan/projects/rubymotion/pbooth/vendor/bundle/specifications/nap-0.6.0.gemspec
I, [2014-03-10T18:11:39.541825 #28968]  INFO -- : 0:  cocoapods-core (0.29.0) from /Users/vaughan/projects/rubymotion/pbooth/vendor/bundle/specifications/cocoapods-core-0.29.0.gemspec
I, [2014-03-10T18:11:39.542202 #28968]  INFO -- : 0:  cocoapods-downloader (0.3.0) from /Users/vaughan/projects/rubymotion/pbooth/vendor/bundle/specifications/cocoapods-downloader-0.3.0.gemspec
I, [2014-03-10T18:11:39.542525 #28968]  INFO -- : 0:  cocoapods-try-release-fix (0.1.2) from /Users/vaughan/projects/rubymotion/pbooth/vendor/bundle/specifications/cocoapods-try-release-fix-0.1.2.gemspec
I, [2014-03-10T18:11:39.542825 #28968]  INFO -- : 0:  colored (1.2) from /Users/vaughan/projects/rubymotion/pbooth/vendor/bundle/specifications/colored-1.2.gemspec
I, [2014-03-10T18:11:39.543127 #28968]  INFO -- : 0:  escape (0.0.4) from /Users/vaughan/projects/rubymotion/pbooth/vendor/bundle/specifications/escape-0.0.4.gemspec
I, [2014-03-10T18:11:39.543421 #28968]  INFO -- : 0:  open4 (1.3.3) from /Users/vaughan/projects/rubymotion/pbooth/vendor/bundle/specifications/open4-1.3.3.gemspec
I, [2014-03-10T18:11:39.543738 #28968]  INFO -- : 0:  xcodeproj (0.14.1) from /Users/vaughan/projects/rubymotion/pbooth/vendor/bundle/specifications/xcodeproj-0.14.1.gemspec
I, [2014-03-10T18:11:39.544057 #28968]  INFO -- : 0:  cocoapods (0.29.0) from /Users/vaughan/projects/rubymotion/pbooth/vendor/bundle/specifications/cocoapods-0.29.0.gemspec
I, [2014-03-10T18:11:39.544370 #28968]  INFO -- : 0:  motion-require (0.0.7) from /Users/vaughan/projects/rubymotion/pbooth/vendor/bundle/specifications/motion-require-0.0.7.gemspec
I, [2014-03-10T18:11:39.544669 #28968]  INFO -- : 0:  formotion (1.7) from /Users/vaughan/projects/rubymotion/pbooth/vendor/bundle/specifications/formotion-1.7.gemspec
I, [2014-03-10T18:11:39.544975 #28968]  INFO -- : 0:  motion-cocoapods (1.4.0) from /Users/vaughan/projects/rubymotion/pbooth/vendor/bundle/specifications/motion-cocoapods-1.4.0.gemspec
I, [2014-03-10T18:11:39.717828 #28968]  INFO -- : 0:  ruby_motion_query (0.5.5) from /Users/vaughan/projects/rubymotion/pbooth/vendor/bundle/bundler/gems/rmq-abd163427da2/ruby_motion_query.gemspec
I, [2014-03-10T18:11:39.718276 #28968]  INFO -- : 0:  sugarcube (1.5.0) from /Users/vaughan/projects/rubymotion/pbooth/vendor/bundle/specifications/sugarcube-1.5.0.gemspec
I, [2014-03-10T18:11:39.718547 #28968]  INFO -- : 0:  bundler (1.5.1) from /Users/vaughan/.rbenv/versions/2.0.0-p247/lib/ruby/gems/2.0.0/gems/bundler-1.5.1/lib/bundler/source
I, [2014-03-11T11:10:27.569077 #2185]  INFO -- : 0:  rake (0.9.6) from /Users/vaughan/.rbenv/versions/2.0.0-p247/lib/ruby/gems/2.0.0/specifications/default/rake-0.9.6.gemspec
I, [2014-03-11T11:10:27.570098 #2185]  INFO -- : 0:  i18n (0.6.9) from /Users/vaughan/projects/rubymotion/pbooth/vendor/bundle/specifications/i18n-0.6.9.gemspec
I, [2014-03-11T11:10:27.570535 #2185]  INFO -- : 0:  multi_json (1.8.4) from /Users/vaughan/projects/rubymotion/pbooth/vendor/bundle/specifications/multi_json-1.8.4.gemspec
I, [2014-03-11T11:10:27.570920 #2185]  INFO -- : 0:  activesupport (3.2.17) from /Users/vaughan/projects/rubymotion/pbooth/vendor/bundle/specifications/activesupport-3.2.17.gemspec
I, [2014-03-11T11:10:27.571279 #2185]  INFO -- : 0:  bubble-wrap (1.4.0) from /Users/vaughan/projects/rubymotion/pbooth/vendor/bundle/specifications/bubble-wrap-1.4.0.gemspec
I, [2014-03-11T11:10:27.571647 #2185]  INFO -- : 0:  claide (0.4.0) from /Users/vaughan/projects/rubymotion/pbooth/vendor/bundle/specifications/claide-0.4.0.gemspec
I, [2014-03-11T11:10:27.571994 #2185]  INFO -- : 0:  fuzzy_match (2.0.4) from /Users/vaughan/projects/rubymotion/pbooth/vendor/bundle/specifications/fuzzy_match-2.0.4.gemspec
I, [2014-03-11T11:10:27.572337 #2185]  INFO -- : 0:  json_pure (1.8.1) from /Users/vaughan/projects/rubymotion/pbooth/vendor/bundle/specifications/json_pure-1.8.1.gemspec
I, [2014-03-11T11:10:27.572679 #2185]  INFO -- : 0:  nap (0.6.0) from /Users/vaughan/projects/rubymotion/pbooth/vendor/bundle/specifications/nap-0.6.0.gemspec
I, [2014-03-11T11:10:27.573022 #2185]  INFO -- : 0:  cocoapods-core (0.29.0) from /Users/vaughan/projects/rubymotion/pbooth/vendor/bundle/specifications/cocoapods-core-0.29.0.gemspec
I, [2014-03-11T11:10:27.573384 #2185]  INFO -- : 0:  cocoapods-downloader (0.3.0) from /Users/vaughan/projects/rubymotion/pbooth/vendor/bundle/specifications/cocoapods-downloader-0.3.0.gemspec
I, [2014-03-11T11:10:27.573725 #2185]  INFO -- : 0:  cocoapods-try-release-fix (0.1.2) from /Users/vaughan/projects/rubymotion/pbooth/vendor/bundle/specifications/cocoapods-try-release-fix-0.1.2.gemspec
I, [2014-03-11T11:10:27.574080 #2185]  INFO -- : 0:  colored (1.2) from /Users/vaughan/projects/rubymotion/pbooth/vendor/bundle/specifications/colored-1.2.gemspec
I, [2014-03-11T11:10:27.574424 #2185]  INFO -- : 0:  escape (0.0.4) from /Users/vaughan/projects/rubymotion/pbooth/vendor/bundle/specifications/escape-0.0.4.gemspec
I, [2014-03-11T11:10:27.574757 #2185]  INFO -- : 0:  open4 (1.3.3) from /Users/vaughan/projects/rubymotion/pbooth/vendor/bundle/specifications/open4-1.3.3.gemspec
I, [2014-03-11T11:10:27.575102 #2185]  INFO -- : 0:  xcodeproj (0.14.1) from /Users/vaughan/projects/rubymotion/pbooth/vendor/bundle/specifications/xcodeproj-0.14.1.gemspec
I, [2014-03-11T11:10:27.575458 #2185]  INFO -- : 0:  cocoapods (0.29.0) from /Users/vaughan/projects/rubymotion/pbooth/vendor/bundle/specifications/cocoapods-0.29.0.gemspec
I, [2014-03-11T11:10:27.575837 #2185]  INFO -- : 0:  motion-require (0.0.7) from /Users/vaughan/projects/rubymotion/pbooth/vendor/bundle/specifications/motion-require-0.0.7.gemspec
I, [2014-03-11T11:10:27.576195 #2185]  INFO -- : 0:  formotion (1.7) from /Users/vaughan/projects/rubymotion/pbooth/vendor/bundle/specifications/formotion-1.7.gemspec
I, [2014-03-11T11:10:27.576534 #2185]  INFO -- : 0:  motion-cocoapods (1.4.0) from /Users/vaughan/projects/rubymotion/pbooth/vendor/bundle/specifications/motion-cocoapods-1.4.0.gemspec
I, [2014-03-11T11:10:27.712604 #2185]  INFO -- : 0:  ruby_motion_query (0.5.5) from /Users/vaughan/projects/rubymotion/pbooth/vendor/bundle/bundler/gems/rmq-abd163427da2/ruby_motion_query.gemspec
I, [2014-03-11T11:10:27.713321 #2185]  INFO -- : 0:  sugarcube (1.5.0) from /Users/vaughan/projects/rubymotion/pbooth/vendor/bundle/specifications/sugarcube-1.5.0.gemspec
I, [2014-03-11T11:10:27.713756 #2185]  INFO -- : 0:  bundler (1.5.1) from /Users/vaughan/.rbenv/versions/2.0.0-p247/lib/ruby/gems/2.0.0/gems/bundler-1.5.1/lib/bundler/source
I, [2014-03-12T14:11:39.672928 #34463]  INFO -- : 0:  rake (0.9.6) from /Users/vaughan/.rbenv/versions/2.0.0-p247/lib/ruby/gems/2.0.0/specifications/default/rake-0.9.6.gemspec
I, [2014-03-12T14:11:39.674730 #34463]  INFO -- : 0:  i18n (0.6.9) from /Users/vaughan/projects/rubymotion/pbooth/vendor/bundle/specifications/i18n-0.6.9.gemspec
I, [2014-03-12T14:11:39.675189 #34463]  INFO -- : 0:  multi_json (1.8.4) from /Users/vaughan/projects/rubymotion/pbooth/vendor/bundle/specifications/multi_json-1.8.4.gemspec
I, [2014-03-12T14:11:39.675600 #34463]  INFO -- : 0:  activesupport (3.2.17) from /Users/vaughan/projects/rubymotion/pbooth/vendor/bundle/specifications/activesupport-3.2.17.gemspec
I, [2014-03-12T14:11:39.675998 #34463]  INFO -- : 0:  bubble-wrap (1.4.0) from /Users/vaughan/projects/rubymotion/pbooth/vendor/bundle/specifications/bubble-wrap-1.4.0.gemspec
I, [2014-03-12T14:11:39.676365 #34463]  INFO -- : 0:  claide (0.4.0) from /Users/vaughan/projects/rubymotion/pbooth/vendor/bundle/specifications/claide-0.4.0.gemspec
I, [2014-03-12T14:11:39.676736 #34463]  INFO -- : 0:  fuzzy_match (2.0.4) from /Users/vaughan/projects/rubymotion/pbooth/vendor/bundle/specifications/fuzzy_match-2.0.4.gemspec
I, [2014-03-12T14:11:39.677094 #34463]  INFO -- : 0:  json_pure (1.8.1) from /Users/vaughan/projects/rubymotion/pbooth/vendor/bundle/specifications/json_pure-1.8.1.gemspec
I, [2014-03-12T14:11:39.677441 #34463]  INFO -- : 0:  nap (0.6.0) from /Users/vaughan/projects/rubymotion/pbooth/vendor/bundle/specifications/nap-0.6.0.gemspec
I, [2014-03-12T14:11:39.677791 #34463]  INFO -- : 0:  cocoapods-core (0.29.0) from /Users/vaughan/projects/rubymotion/pbooth/vendor/bundle/specifications/cocoapods-core-0.29.0.gemspec
I, [2014-03-12T14:11:39.678160 #34463]  INFO -- : 0:  cocoapods-downloader (0.3.0) from /Users/vaughan/projects/rubymotion/pbooth/vendor/bundle/specifications/cocoapods-downloader-0.3.0.gemspec
I, [2014-03-12T14:11:39.678514 #34463]  INFO -- : 0:  cocoapods-try-release-fix (0.1.2) from /Users/vaughan/projects/rubymotion/pbooth/vendor/bundle/specifications/cocoapods-try-release-fix-0.1.2.gemspec
I, [2014-03-12T14:11:39.678866 #34463]  INFO -- : 0:  colored (1.2) from /Users/vaughan/projects/rubymotion/pbooth/vendor/bundle/specifications/colored-1.2.gemspec
I, [2014-03-12T14:11:39.679224 #34463]  INFO -- : 0:  escape (0.0.4) from /Users/vaughan/projects/rubymotion/pbooth/vendor/bundle/specifications/escape-0.0.4.gemspec
I, [2014-03-12T14:11:39.679575 #34463]  INFO -- : 0:  open4 (1.3.3) from /Users/vaughan/projects/rubymotion/pbooth/vendor/bundle/specifications/open4-1.3.3.gemspec
I, [2014-03-12T14:11:39.679922 #34463]  INFO -- : 0:  xcodeproj (0.14.1) from /Users/vaughan/projects/rubymotion/pbooth/vendor/bundle/specifications/xcodeproj-0.14.1.gemspec
I, [2014-03-12T14:11:39.680262 #34463]  INFO -- : 0:  cocoapods (0.29.0) from /Users/vaughan/projects/rubymotion/pbooth/vendor/bundle/specifications/cocoapods-0.29.0.gemspec
I, [2014-03-12T14:11:39.680626 #34463]  INFO -- : 0:  motion-require (0.0.7) from /Users/vaughan/projects/rubymotion/pbooth/vendor/bundle/specifications/motion-require-0.0.7.gemspec
I, [2014-03-12T14:11:39.680973 #34463]  INFO -- : 0:  formotion (1.7) from /Users/vaughan/projects/rubymotion/pbooth/vendor/bundle/specifications/formotion-1.7.gemspec
I, [2014-03-12T14:11:39.681329 #34463]  INFO -- : 0:  motion-cocoapods (1.4.0) from /Users/vaughan/projects/rubymotion/pbooth/vendor/bundle/specifications/motion-cocoapods-1.4.0.gemspec
I, [2014-03-12T14:11:39.803910 #34463]  INFO -- : 0:  ruby_motion_query (0.5.5) from /Users/vaughan/projects/rubymotion/pbooth/vendor/bundle/bundler/gems/rmq-abd163427da2/ruby_motion_query.gemspec
I, [2014-03-12T14:11:39.804371 #34463]  INFO -- : 0:  sugarcube (1.5.0) from /Users/vaughan/projects/rubymotion/pbooth/vendor/bundle/specifications/sugarcube-1.5.0.gemspec
I, [2014-03-12T14:11:39.804656 #34463]  INFO -- : 0:  bundler (1.5.1) from /Users/vaughan/.rbenv/versions/2.0.0-p247/lib/ruby/gems/2.0.0/gems/bundler-1.5.1/lib/bundler/source
